Using pre-set license
Built from '2020.3/staging' branch; Version is '2020.3.19f1 (68f137dc9bbe) revision 6877495'; Using compiler version '192528614'; Build Type 'Release'
OS: 'Windows 10 Home; OS build 19042.1415; Version 2009; 64bit' Language: 'en' Physical Memory: 6058 MB
BatchMode: 1, IsHumanControllingUs: 0, StartBugReporterOnCrash: 0, Is64bit: 1, IsPro: 0

COMMAND LINE ARGUMENTS:
C:\Program Files\Unity\Hub\Editor\2020.3.19f1\Editor\Unity.exe
-adb2
-batchMode
-noUpm
-name
AssetImportWorker0
-projectPath
C:/Users/lapto/OneDrive/Documents/Everette/ScavengerHuntUnity
-logFile
Logs/AssetImportWorker0.log
-srvPort
50206
Successfully changed project path to: C:/Users/lapto/OneDrive/Documents/Everette/ScavengerHuntUnity
C:/Users/lapto/OneDrive/Documents/Everette/ScavengerHuntUnity
Using Asset Import Pipeline V2.
Refreshing native plugins compatible for Editor in 36.80 ms, found 2 plugins.
Preloading 0 native plugins for Editor in 0.00 ms.
Initialize engine version: 2020.3.19f1 (68f137dc9bbe)
[Subsystems] Discovering subsystems at path C:/Program Files/Unity/Hub/Editor/2020.3.19f1/Editor/Data/Resources/UnitySubsystems
[Subsystems] Discovering subsystems at path C:/Users/lapto/OneDrive/Documents/Everette/ScavengerHuntUnity/Assets
GfxDevice: creating device client; threaded=0
Direct3D:
    Version:  Direct3D 11.0 [level 11.1]
    Renderer: AMD Radeon(TM) Vega 3 Graphics (ID=0x15d8)
    Vendor:   
    VRAM:     3029 MB
    Driver:   27.20.15030.3002
Initialize mono
Mono path[0] = 'C:/Program Files/Unity/Hub/Editor/2020.3.19f1/Editor/Data/Managed'
Mono path[1] = 'C:/Program Files/Unity/Hub/Editor/2020.3.19f1/Editor/Data/MonoBleedingEdge/lib/mono/unityjit'
Mono config path = 'C:/Program Files/Unity/Hub/Editor/2020.3.19f1/Editor/Data/MonoBleedingEdge/etc'
Using monoOptions --debugger-agent=transport=dt_socket,embedding=1,server=y,suspend=n,address=127.0.0.1:56848
Begin MonoManager ReloadAssembly
Registering precompiled unity dll's ...
Register platform support module: C:/Program Files/Unity/Hub/Editor/2020.3.19f1/Editor/Data/PlaybackEngines/WindowsStandaloneSupport/UnityEditor.WindowsStandalone.Extensions.dll
Registered in 0.003171 seconds.
Native extension for WindowsStandalone target not found
Refreshing native plugins compatible for Editor in 37.85 ms, found 2 plugins.
Preloading 0 native plugins for Editor in 0.00 ms.
Mono: successfully reloaded assembly
- Completed reload, in  6.494 seconds
Domain Reload Profiling:
	ReloadAssembly (6495ms)
		BeginReloadAssembly (89ms)
			ExecutionOrderSort (0ms)
			DisableScriptedObjects (0ms)
			BackupInstance (0ms)
			ReleaseScriptingObjects (0ms)
			CreateAndSetChildDomain (1ms)
		EndReloadAssembly (613ms)
			LoadAssemblies (84ms)
			RebuildTransferFunctionScriptingTraits (0ms)
			SetupTypeCache (198ms)
			ReleaseScriptCaches (0ms)
			RebuildScriptCaches (41ms)
			SetupLoadedEditorAssemblies (270ms)
				LogAssemblyErrors (0ms)
				InitializePlatformSupportModulesInManaged (7ms)
				SetLoadedEditorAssemblies (0ms)
				RefreshPlugins (38ms)
				BeforeProcessingInitializeOnLoad (12ms)
				ProcessInitializeOnLoadAttributes (123ms)
				ProcessInitializeOnLoadMethodAttributes (90ms)
				AfterProcessingInitializeOnLoad (0ms)
				EditorAssembliesLoaded (0ms)
			ExecutionOrderSort2 (0ms)
			AwakeInstancesAfterBackupRestoration (0ms)
Platform modules already initialized, skipping
Registering precompiled user dll's ...
Registered in 0.004624 seconds.
Begin MonoManager ReloadAssembly
Native extension for WindowsStandalone target not found
Refreshing native plugins compatible for Editor in 0.38 ms, found 2 plugins.
Preloading 0 native plugins for Editor in 0.00 ms.
Mono: successfully reloaded assembly
- Completed reload, in  1.532 seconds
Domain Reload Profiling:
	ReloadAssembly (1534ms)
		BeginReloadAssembly (206ms)
			ExecutionOrderSort (0ms)
			DisableScriptedObjects (6ms)
			BackupInstance (0ms)
			ReleaseScriptingObjects (0ms)
			CreateAndSetChildDomain (28ms)
		EndReloadAssembly (1178ms)
			LoadAssemblies (149ms)
			RebuildTransferFunctionScriptingTraits (0ms)
			SetupTypeCache (402ms)
			ReleaseScriptCaches (1ms)
			RebuildScriptCaches (63ms)
			SetupLoadedEditorAssemblies (435ms)
				LogAssemblyErrors (0ms)
				InitializePlatformSupportModulesInManaged (7ms)
				SetLoadedEditorAssemblies (1ms)
				RefreshPlugins (0ms)
				BeforeProcessingInitializeOnLoad (85ms)
				ProcessInitializeOnLoadAttributes (321ms)
				ProcessInitializeOnLoadMethodAttributes (7ms)
				AfterProcessingInitializeOnLoad (14ms)
				EditorAssembliesLoaded (0ms)
			ExecutionOrderSort2 (0ms)
			AwakeInstancesAfterBackupRestoration (8ms)
Platform modules already initialized, skipping
========================================================================
Worker process is ready to serve import requests
Launched and connected shader compiler UnityShaderCompiler.exe after 0.08 seconds
Refreshing native plugins compatible for Editor in 0.56 ms, found 2 plugins.
Preloading 0 native plugins for Editor in 0.00 ms.
Unloading 1549 Unused Serialized files (Serialized files now loaded: 0)
System memory in use before: 70.1 MB.
System memory in use after: 70.2 MB.

Unloading 17 unused Assets to reduce memory usage. Loaded Objects now: 1984.
Total: 4.012100 ms (FindLiveObjects: 0.216800 ms CreateObjectMapping: 0.051000 ms MarkObjects: 3.647100 ms  DeleteObjects: 0.095000 ms)

AssetImportParameters requested are different than current active one (requested -> active):
  custom:framework-win-MediaFoundation: 216162199b28c13a410421893ffa2e32 -> 
  custom:video-decoder-ogg-theora: a1e56fd34408186e4bbccfd4996cb3dc -> 
  custom:container-muxer-webm: aa71ff27fc2769a1b78a27578f13a17b -> 
  custom:container-demuxer-webm: 4f35f7cbe854078d1ac9338744f61a02 -> 
  custom:container-demuxer-ogg: 62fdf1f143b41e24485cea50d1cbac27 -> 
  custom:video-encoder-webm-vp8: eb34c28f22e8b96e1ab97ce403110664 -> 
  custom:video-decoder-webm-vp8: 9c59270c3fd7afecdb556c50c9e8de78 -> 
  custom:audio-decoder-ogg-vorbis: bf7c407c2cedff20999df2af8eb42d56 -> 
  custom:audio-encoder-webm-vorbis: bf7c407c2cedff20999df2af8eb42d56 -> 
========================================================================
Received Import Request.
  path: Assets/Artwork/ScavengerHuntBackground.png
  artifactKey: Guid(dcec4ba4abb4d4a4a838b6b921a1fb32) Importer(815301076,1909f56bfc062723c751e8b465ee728b)
Start importing Assets/Artwork/ScavengerHuntBackground.png using Guid(dcec4ba4abb4d4a4a838b6b921a1fb32) Importer(815301076,1909f56bfc062723c751e8b465ee728b)  -> (artifact id: '864788a0a6a013327b3d5ffe2f70cbd8') in 0.136908 seconds 
  Import took 0.140198 seconds .

========================================================================
Received Import Request.
  Time since last request: 0.000383 seconds.
  path: Assets/Artwork/spritemap1.png
  artifactKey: Guid(2c8d0eb25f52bf446923412fe970cecc) Importer(815301076,1909f56bfc062723c751e8b465ee728b)
Start importing Assets/Artwork/spritemap1.png using Guid(2c8d0eb25f52bf446923412fe970cecc) Importer(815301076,1909f56bfc062723c751e8b465ee728b)  -> (artifact id: 'bfece194f7fa09ed6ef220f7237ae4ae') in 0.556104 seconds 
  Import took 0.560650 seconds .

========================================================================
Received Import Request.
  Time since last request: 14.844004 seconds.
  path: Assets/Artwork/gameIcons.png
  artifactKey: Guid(d379164e2162d6a48bc22f63761de11a) Importer(815301076,1909f56bfc062723c751e8b465ee728b)
Start importing Assets/Artwork/gameIcons.png using Guid(d379164e2162d6a48bc22f63761de11a) Importer(815301076,1909f56bfc062723c751e8b465ee728b)  -> (artifact id: '0956c086eca3a297b9fc0e26671a2ef0') in 0.017262 seconds 
  Import took 0.022128 seconds .

========================================================================
Received Import Request.
  Time since last request: 55.348239 seconds.
  path: Assets/Artwork/gameIcons.png
  artifactKey: Guid(d379164e2162d6a48bc22f63761de11a) Importer(815301076,1909f56bfc062723c751e8b465ee728b)
Start importing Assets/Artwork/gameIcons.png using Guid(d379164e2162d6a48bc22f63761de11a) Importer(815301076,1909f56bfc062723c751e8b465ee728b)  -> (artifact id: '77f5a81662317e7d542904918e58b672') in 0.025833 seconds 
  Import took 0.030992 seconds .

========================================================================
Received Prepare
Registering precompiled user dll's ...
Registered in 0.004826 seconds.
Begin MonoManager ReloadAssembly
Native extension for WindowsStandalone target not found
Refreshing native plugins compatible for Editor in 0.39 ms, found 2 plugins.
Preloading 0 native plugins for Editor in 0.00 ms.
Mono: successfully reloaded assembly
- Completed reload, in  1.450 seconds
Domain Reload Profiling:
	ReloadAssembly (1450ms)
		BeginReloadAssembly (184ms)
			ExecutionOrderSort (0ms)
			DisableScriptedObjects (9ms)
			BackupInstance (0ms)
			ReleaseScriptingObjects (0ms)
			CreateAndSetChildDomain (50ms)
		EndReloadAssembly (1148ms)
			LoadAssemblies (153ms)
			RebuildTransferFunctionScriptingTraits (0ms)
			SetupTypeCache (410ms)
			ReleaseScriptCaches (1ms)
			RebuildScriptCaches (55ms)
			SetupLoadedEditorAssemblies (407ms)
				LogAssemblyErrors (0ms)
				InitializePlatformSupportModulesInManaged (7ms)
				SetLoadedEditorAssemblies (1ms)
				RefreshPlugins (1ms)
				BeforeProcessingInitializeOnLoad (74ms)
				ProcessInitializeOnLoadAttributes (304ms)
				ProcessInitializeOnLoadMethodAttributes (5ms)
				AfterProcessingInitializeOnLoad (14ms)
				EditorAssembliesLoaded (0ms)
			ExecutionOrderSort2 (0ms)
			AwakeInstancesAfterBackupRestoration (12ms)
Platform modules already initialized, skipping
Refreshing native plugins compatible for Editor in 0.45 ms, found 2 plugins.
Preloading 0 native plugins for Editor in 0.00 ms.
Unloading 1575 Unused Serialized files (Serialized files now loaded: 0)
System memory in use before: 74.3 MB.
System memory in use after: 74.4 MB.

Unloading 12 unused Assets to reduce memory usage. Loaded Objects now: 2243.
Total: 3.755800 ms (FindLiveObjects: 0.288600 ms CreateObjectMapping: 0.046200 ms MarkObjects: 3.376100 ms  DeleteObjects: 0.040500 ms)

AssetImportParameters requested are different than current active one (requested -> active):
  custom:framework-win-MediaFoundation: 216162199b28c13a410421893ffa2e32 -> 
  custom:video-decoder-ogg-theora: a1e56fd34408186e4bbccfd4996cb3dc -> 
  custom:container-muxer-webm: aa71ff27fc2769a1b78a27578f13a17b -> 
  custom:container-demuxer-webm: 4f35f7cbe854078d1ac9338744f61a02 -> 
  custom:container-demuxer-ogg: 62fdf1f143b41e24485cea50d1cbac27 -> 
  custom:video-encoder-webm-vp8: eb34c28f22e8b96e1ab97ce403110664 -> 
  custom:video-decoder-webm-vp8: 9c59270c3fd7afecdb556c50c9e8de78 -> 
  custom:audio-decoder-ogg-vorbis: bf7c407c2cedff20999df2af8eb42d56 -> 
  custom:audio-encoder-webm-vorbis: bf7c407c2cedff20999df2af8eb42d56 -> 
========================================================================
Received Import Request.
  Time since last request: 209.302248 seconds.
  path: Assets/Artwork/gameIcons.png
  artifactKey: Guid(d379164e2162d6a48bc22f63761de11a) Importer(815301076,1909f56bfc062723c751e8b465ee728b)
Start importing Assets/Artwork/gameIcons.png using Guid(d379164e2162d6a48bc22f63761de11a) Importer(815301076,1909f56bfc062723c751e8b465ee728b)  -> (artifact id: '6c55cf26d3677518bb9264e84a527e8a') in 0.124837 seconds 
  Import took 0.135052 seconds .

========================================================================
Received Prepare
Registering precompiled user dll's ...
Registered in 0.006218 seconds.
Begin MonoManager ReloadAssembly
Native extension for WindowsStandalone target not found
Refreshing native plugins compatible for Editor in 0.39 ms, found 2 plugins.
Preloading 0 native plugins for Editor in 0.00 ms.
Mono: successfully reloaded assembly
- Completed reload, in  1.640 seconds
Domain Reload Profiling:
	ReloadAssembly (1641ms)
		BeginReloadAssembly (188ms)
			ExecutionOrderSort (0ms)
			DisableScriptedObjects (7ms)
			BackupInstance (0ms)
			ReleaseScriptingObjects (0ms)
			CreateAndSetChildDomain (50ms)
		EndReloadAssembly (1355ms)
			LoadAssemblies (138ms)
			RebuildTransferFunctionScriptingTraits (0ms)
			SetupTypeCache (371ms)
			ReleaseScriptCaches (1ms)
			RebuildScriptCaches (54ms)
			SetupLoadedEditorAssemblies (659ms)
				LogAssemblyErrors (0ms)
				InitializePlatformSupportModulesInManaged (6ms)
				SetLoadedEditorAssemblies (1ms)
				RefreshPlugins (0ms)
				BeforeProcessingInitializeOnLoad (78ms)
				ProcessInitializeOnLoadAttributes (555ms)
				ProcessInitializeOnLoadMethodAttributes (6ms)
				AfterProcessingInitializeOnLoad (12ms)
				EditorAssembliesLoaded (0ms)
			ExecutionOrderSort2 (0ms)
			AwakeInstancesAfterBackupRestoration (19ms)
Platform modules already initialized, skipping
Refreshing native plugins compatible for Editor in 0.41 ms, found 2 plugins.
Preloading 0 native plugins for Editor in 0.00 ms.
Unloading 1582 Unused Serialized files (Serialized files now loaded: 0)
System memory in use before: 74.5 MB.
System memory in use after: 74.6 MB.

Unloading 12 unused Assets to reduce memory usage. Loaded Objects now: 2259.
Total: 4.124700 ms (FindLiveObjects: 0.249500 ms CreateObjectMapping: 0.062000 ms MarkObjects: 3.786600 ms  DeleteObjects: 0.024700 ms)

AssetImportParameters requested are different than current active one (requested -> active):
  custom:framework-win-MediaFoundation: 216162199b28c13a410421893ffa2e32 -> 
  custom:video-decoder-ogg-theora: a1e56fd34408186e4bbccfd4996cb3dc -> 
  custom:container-muxer-webm: aa71ff27fc2769a1b78a27578f13a17b -> 
  custom:container-demuxer-webm: 4f35f7cbe854078d1ac9338744f61a02 -> 
  custom:container-demuxer-ogg: 62fdf1f143b41e24485cea50d1cbac27 -> 
  custom:video-encoder-webm-vp8: eb34c28f22e8b96e1ab97ce403110664 -> 
  custom:video-decoder-webm-vp8: 9c59270c3fd7afecdb556c50c9e8de78 -> 
  custom:audio-decoder-ogg-vorbis: bf7c407c2cedff20999df2af8eb42d56 -> 
  custom:audio-encoder-webm-vorbis: bf7c407c2cedff20999df2af8eb42d56 -> 
========================================================================
Received Import Request.
  Time since last request: 1323.659086 seconds.
  path: Assets/Oswald-VariableFont_wght.ttf
  artifactKey: Guid(034c9eda8cf73804fb0be3ec02467117) Importer(815301076,1909f56bfc062723c751e8b465ee728b)
Start importing Assets/Oswald-VariableFont_wght.ttf using Guid(034c9eda8cf73804fb0be3ec02467117) Importer(815301076,1909f56bfc062723c751e8b465ee728b)  -> (artifact id: '726dc85c2879e75a29bc52528d057141') in 0.153394 seconds 
  Import took 0.158131 seconds .

========================================================================
Received Prepare
Registering precompiled user dll's ...
Registered in 0.009533 seconds.
Begin MonoManager ReloadAssembly
Native extension for WindowsStandalone target not found
Refreshing native plugins compatible for Editor in 0.39 ms, found 2 plugins.
Preloading 0 native plugins for Editor in 0.00 ms.
Mono: successfully reloaded assembly
- Completed reload, in  1.618 seconds
Domain Reload Profiling:
	ReloadAssembly (1618ms)
		BeginReloadAssembly (211ms)
			ExecutionOrderSort (0ms)
			DisableScriptedObjects (7ms)
			BackupInstance (0ms)
			ReleaseScriptingObjects (0ms)
			CreateAndSetChildDomain (64ms)
		EndReloadAssembly (1260ms)
			LoadAssemblies (165ms)
			RebuildTransferFunctionScriptingTraits (0ms)
			SetupTypeCache (510ms)
			ReleaseScriptCaches (1ms)
			RebuildScriptCaches (61ms)
			SetupLoadedEditorAssemblies (410ms)
				LogAssemblyErrors (0ms)
				InitializePlatformSupportModulesInManaged (7ms)
				SetLoadedEditorAssemblies (1ms)
				RefreshPlugins (1ms)
				BeforeProcessingInitializeOnLoad (75ms)
				ProcessInitializeOnLoadAttributes (311ms)
				ProcessInitializeOnLoadMethodAttributes (5ms)
				AfterProcessingInitializeOnLoad (11ms)
				EditorAssembliesLoaded (0ms)
			ExecutionOrderSort2 (0ms)
			AwakeInstancesAfterBackupRestoration (8ms)
Platform modules already initialized, skipping
Refreshing native plugins compatible for Editor in 0.45 ms, found 2 plugins.
Preloading 0 native plugins for Editor in 0.00 ms.
Unloading 1582 Unused Serialized files (Serialized files now loaded: 0)
System memory in use before: 74.9 MB.
System memory in use after: 75.0 MB.

Unloading 12 unused Assets to reduce memory usage. Loaded Objects now: 2302.
Total: 4.461500 ms (FindLiveObjects: 0.278100 ms CreateObjectMapping: 0.115700 ms MarkObjects: 4.040400 ms  DeleteObjects: 0.024800 ms)

AssetImportParameters requested are different than current active one (requested -> active):
  custom:framework-win-MediaFoundation: 216162199b28c13a410421893ffa2e32 -> 
  custom:video-decoder-ogg-theora: a1e56fd34408186e4bbccfd4996cb3dc -> 
  custom:container-muxer-webm: aa71ff27fc2769a1b78a27578f13a17b -> 
  custom:container-demuxer-webm: 4f35f7cbe854078d1ac9338744f61a02 -> 
  custom:container-demuxer-ogg: 62fdf1f143b41e24485cea50d1cbac27 -> 
  custom:video-encoder-webm-vp8: eb34c28f22e8b96e1ab97ce403110664 -> 
  custom:video-decoder-webm-vp8: 9c59270c3fd7afecdb556c50c9e8de78 -> 
  custom:audio-decoder-ogg-vorbis: bf7c407c2cedff20999df2af8eb42d56 -> 
  custom:audio-encoder-webm-vorbis: bf7c407c2cedff20999df2af8eb42d56 -> 
========================================================================
Received Prepare
Registering precompiled user dll's ...
Registered in 0.006329 seconds.
Begin MonoManager ReloadAssembly
Native extension for WindowsStandalone target not found
Refreshing native plugins compatible for Editor in 0.78 ms, found 2 plugins.
Preloading 0 native plugins for Editor in 0.00 ms.
Mono: successfully reloaded assembly
- Completed reload, in  2.193 seconds
Domain Reload Profiling:
	ReloadAssembly (2193ms)
		BeginReloadAssembly (171ms)
			ExecutionOrderSort (0ms)
			DisableScriptedObjects (8ms)
			BackupInstance (0ms)
			ReleaseScriptingObjects (0ms)
			CreateAndSetChildDomain (48ms)
		EndReloadAssembly (1906ms)
			LoadAssemblies (147ms)
			RebuildTransferFunctionScriptingTraits (0ms)
			SetupTypeCache (678ms)
			ReleaseScriptCaches (1ms)
			RebuildScriptCaches (125ms)
			SetupLoadedEditorAssemblies (643ms)
				LogAssemblyErrors (0ms)
				InitializePlatformSupportModulesInManaged (15ms)
				SetLoadedEditorAssemblies (2ms)
				RefreshPlugins (1ms)
				BeforeProcessingInitializeOnLoad (141ms)
				ProcessInitializeOnLoadAttributes (464ms)
				ProcessInitializeOnLoadMethodAttributes (7ms)
				AfterProcessingInitializeOnLoad (13ms)
				EditorAssembliesLoaded (0ms)
			ExecutionOrderSort2 (0ms)
			AwakeInstancesAfterBackupRestoration (10ms)
Platform modules already initialized, skipping
Refreshing native plugins compatible for Editor in 0.71 ms, found 2 plugins.
Preloading 0 native plugins for Editor in 0.00 ms.
Unloading 1582 Unused Serialized files (Serialized files now loaded: 0)
System memory in use before: 74.9 MB.
System memory in use after: 75.0 MB.

Unloading 12 unused Assets to reduce memory usage. Loaded Objects now: 2304.
Total: 4.810900 ms (FindLiveObjects: 0.299600 ms CreateObjectMapping: 0.065000 ms MarkObjects: 4.422100 ms  DeleteObjects: 0.022800 ms)

AssetImportParameters requested are different than current active one (requested -> active):
  custom:framework-win-MediaFoundation: 216162199b28c13a410421893ffa2e32 -> 
  custom:video-decoder-ogg-theora: a1e56fd34408186e4bbccfd4996cb3dc -> 
  custom:container-muxer-webm: aa71ff27fc2769a1b78a27578f13a17b -> 
  custom:container-demuxer-webm: 4f35f7cbe854078d1ac9338744f61a02 -> 
  custom:container-demuxer-ogg: 62fdf1f143b41e24485cea50d1cbac27 -> 
  custom:video-encoder-webm-vp8: eb34c28f22e8b96e1ab97ce403110664 -> 
  custom:video-decoder-webm-vp8: 9c59270c3fd7afecdb556c50c9e8de78 -> 
  custom:audio-decoder-ogg-vorbis: bf7c407c2cedff20999df2af8eb42d56 -> 
  custom:audio-encoder-webm-vorbis: bf7c407c2cedff20999df2af8eb42d56 -> 
========================================================================
Received Prepare
Registering precompiled user dll's ...
Registered in 0.010140 seconds.
Begin MonoManager ReloadAssembly
Native extension for WindowsStandalone target not found
Refreshing native plugins compatible for Editor in 0.42 ms, found 2 plugins.
Preloading 0 native plugins for Editor in 0.00 ms.
Mono: successfully reloaded assembly
- Completed reload, in  1.456 seconds
Domain Reload Profiling:
	ReloadAssembly (1457ms)
		BeginReloadAssembly (213ms)
			ExecutionOrderSort (0ms)
			DisableScriptedObjects (13ms)
			BackupInstance (0ms)
			ReleaseScriptingObjects (0ms)
			CreateAndSetChildDomain (70ms)
		EndReloadAssembly (1151ms)
			LoadAssemblies (151ms)
			RebuildTransferFunctionScriptingTraits (0ms)
			SetupTypeCache (379ms)
			ReleaseScriptCaches (1ms)
			RebuildScriptCaches (56ms)
			SetupLoadedEditorAssemblies (447ms)
				LogAssemblyErrors (0ms)
				InitializePlatformSupportModulesInManaged (9ms)
				SetLoadedEditorAssemblies (1ms)
				RefreshPlugins (1ms)
				BeforeProcessingInitializeOnLoad (108ms)
				ProcessInitializeOnLoadAttributes (311ms)
				ProcessInitializeOnLoadMethodAttributes (6ms)
				AfterProcessingInitializeOnLoad (11ms)
				EditorAssembliesLoaded (0ms)
			ExecutionOrderSort2 (0ms)
			AwakeInstancesAfterBackupRestoration (10ms)
Platform modules already initialized, skipping
Refreshing native plugins compatible for Editor in 0.41 ms, found 2 plugins.
Preloading 0 native plugins for Editor in 0.00 ms.
Unloading 1582 Unused Serialized files (Serialized files now loaded: 0)
System memory in use before: 74.9 MB.
System memory in use after: 75.0 MB.

Unloading 12 unused Assets to reduce memory usage. Loaded Objects now: 2306.
Total: 4.542800 ms (FindLiveObjects: 0.288700 ms CreateObjectMapping: 0.063900 ms MarkObjects: 4.163000 ms  DeleteObjects: 0.024600 ms)

AssetImportParameters requested are different than current active one (requested -> active):
  custom:framework-win-MediaFoundation: 216162199b28c13a410421893ffa2e32 -> 
  custom:video-decoder-ogg-theora: a1e56fd34408186e4bbccfd4996cb3dc -> 
  custom:container-muxer-webm: aa71ff27fc2769a1b78a27578f13a17b -> 
  custom:container-demuxer-webm: 4f35f7cbe854078d1ac9338744f61a02 -> 
  custom:container-demuxer-ogg: 62fdf1f143b41e24485cea50d1cbac27 -> 
  custom:video-encoder-webm-vp8: eb34c28f22e8b96e1ab97ce403110664 -> 
  custom:video-decoder-webm-vp8: 9c59270c3fd7afecdb556c50c9e8de78 -> 
  custom:audio-decoder-ogg-vorbis: bf7c407c2cedff20999df2af8eb42d56 -> 
  custom:audio-encoder-webm-vorbis: bf7c407c2cedff20999df2af8eb42d56 -> 
========================================================================
Received Prepare
Registering precompiled user dll's ...
Registered in 0.006784 seconds.
Begin MonoManager ReloadAssembly
Native extension for WindowsStandalone target not found
Refreshing native plugins compatible for Editor in 0.55 ms, found 2 plugins.
Preloading 0 native plugins for Editor in 0.00 ms.
Mono: successfully reloaded assembly
- Completed reload, in  1.685 seconds
Domain Reload Profiling:
	ReloadAssembly (1686ms)
		BeginReloadAssembly (155ms)
			ExecutionOrderSort (0ms)
			DisableScriptedObjects (8ms)
			BackupInstance (0ms)
			ReleaseScriptingObjects (0ms)
			CreateAndSetChildDomain (41ms)
		EndReloadAssembly (1436ms)
			LoadAssemblies (124ms)
			RebuildTransferFunctionScriptingTraits (0ms)
			SetupTypeCache (359ms)
			ReleaseScriptCaches (2ms)
			RebuildScriptCaches (181ms)
			SetupLoadedEditorAssemblies (507ms)
				LogAssemblyErrors (0ms)
				InitializePlatformSupportModulesInManaged (13ms)
				SetLoadedEditorAssemblies (1ms)
				RefreshPlugins (1ms)
				BeforeProcessingInitializeOnLoad (93ms)
				ProcessInitializeOnLoadAttributes (378ms)
				ProcessInitializeOnLoadMethodAttributes (8ms)
				AfterProcessingInitializeOnLoad (14ms)
				EditorAssembliesLoaded (0ms)
			ExecutionOrderSort2 (0ms)
			AwakeInstancesAfterBackupRestoration (10ms)
Platform modules already initialized, skipping
Refreshing native plugins compatible for Editor in 0.46 ms, found 2 plugins.
Preloading 0 native plugins for Editor in 0.00 ms.
Unloading 1582 Unused Serialized files (Serialized files now loaded: 0)
System memory in use before: 74.9 MB.
System memory in use after: 75.0 MB.

Unloading 12 unused Assets to reduce memory usage. Loaded Objects now: 2308.
Total: 6.338500 ms (FindLiveObjects: 0.856500 ms CreateObjectMapping: 0.248400 ms MarkObjects: 5.203400 ms  DeleteObjects: 0.027000 ms)

AssetImportParameters requested are different than current active one (requested -> active):
  custom:framework-win-MediaFoundation: 216162199b28c13a410421893ffa2e32 -> 
  custom:video-decoder-ogg-theora: a1e56fd34408186e4bbccfd4996cb3dc -> 
  custom:container-muxer-webm: aa71ff27fc2769a1b78a27578f13a17b -> 
  custom:container-demuxer-webm: 4f35f7cbe854078d1ac9338744f61a02 -> 
  custom:container-demuxer-ogg: 62fdf1f143b41e24485cea50d1cbac27 -> 
  custom:video-encoder-webm-vp8: eb34c28f22e8b96e1ab97ce403110664 -> 
  custom:video-decoder-webm-vp8: 9c59270c3fd7afecdb556c50c9e8de78 -> 
  custom:audio-decoder-ogg-vorbis: bf7c407c2cedff20999df2af8eb42d56 -> 
  custom:audio-encoder-webm-vorbis: bf7c407c2cedff20999df2af8eb42d56 -> 
========================================================================
Received Import Request.
  Time since last request: 844.083917 seconds.
  path: Assets/Resources/Icons/Leaves.png
  artifactKey: Guid(ea4eb54cafca4b9428d7c096f69deed7) Importer(815301076,1909f56bfc062723c751e8b465ee728b)
Start importing Assets/Resources/Icons/Leaves.png using Guid(ea4eb54cafca4b9428d7c096f69deed7) Importer(815301076,1909f56bfc062723c751e8b465ee728b)  -> (artifact id: '17911fefc2e578dfdcaa24bd36059ab8') in 0.047673 seconds 
  Import took 0.051553 seconds .

========================================================================
Received Import Request.
  Time since last request: 0.005161 seconds.
  path: Assets/Scripts/Reset.cs
  artifactKey: Guid(9220624dcb0b78744869b9f56c91f25e) Importer(815301076,1909f56bfc062723c751e8b465ee728b)
Start importing Assets/Scripts/Reset.cs using Guid(9220624dcb0b78744869b9f56c91f25e) Importer(815301076,1909f56bfc062723c751e8b465ee728b)  -> (artifact id: 'ea84783a093d24ab55c62f2c8ceeb691') in 0.011020 seconds 
  Import took 0.014093 seconds .

========================================================================
Received Import Request.
  Time since last request: 0.002898 seconds.
  path: Assets/Artwork/Materials
  artifactKey: Guid(023a90353a0e5984cb4cbadd79a37458) Importer(815301076,1909f56bfc062723c751e8b465ee728b)
Start importing Assets/Artwork/Materials using Guid(023a90353a0e5984cb4cbadd79a37458) Importer(815301076,1909f56bfc062723c751e8b465ee728b)  -> (artifact id: '093f6c78799e41b9a0bf442f05e22f27') in 0.003271 seconds 
  Import took 0.006288 seconds .

========================================================================
Received Import Request.
  Time since last request: 0.009131 seconds.
  path: Assets/Scripts/Jump.cs
  artifactKey: Guid(67d8f41f421b4fa47af40482b4686387) Importer(815301076,1909f56bfc062723c751e8b465ee728b)
Start importing Assets/Scripts/Jump.cs using Guid(67d8f41f421b4fa47af40482b4686387) Importer(815301076,1909f56bfc062723c751e8b465ee728b)  -> (artifact id: '0aab94d0ec5a14707348904c578c5c16') in 0.003196 seconds 
  Import took 0.006113 seconds .

========================================================================
Received Import Request.
  Time since last request: 0.004083 seconds.
  path: Assets/Artwork/Materials/ScavengerHuntBackground.mat
  artifactKey: Guid(c97c2bc84992e3f47880d78d8fdadd41) Importer(815301076,1909f56bfc062723c751e8b465ee728b)
Start importing Assets/Artwork/Materials/ScavengerHuntBackground.mat using Guid(c97c2bc84992e3f47880d78d8fdadd41) Importer(815301076,1909f56bfc062723c751e8b465ee728b)  -> (artifact id: '184d5fe0ab9db758cc129f2d1b83d47e') in 0.060979 seconds 
  Import took 0.064559 seconds .

========================================================================
Received Import Request.
  Time since last request: 0.004669 seconds.
  path: Assets/Scenes/SampleScene.unity
  artifactKey: Guid(9fc0d4010bbf28b4594072e72b8655ab) Importer(815301076,1909f56bfc062723c751e8b465ee728b)
Start importing Assets/Scenes/SampleScene.unity using Guid(9fc0d4010bbf28b4594072e72b8655ab) Importer(815301076,1909f56bfc062723c751e8b465ee728b)  -> (artifact id: '6a66baf1a1f7429546f3bdfec6c0e0b9') in 0.003652 seconds 
  Import took 0.006609 seconds .

========================================================================
Received Import Request.
  Time since last request: 0.004649 seconds.
  path: Assets/Scripts/AnimateMovement.cs
  artifactKey: Guid(6a3d3b23043ad9949a7224d4e64ca0b2) Importer(815301076,1909f56bfc062723c751e8b465ee728b)
Start importing Assets/Scripts/AnimateMovement.cs using Guid(6a3d3b23043ad9949a7224d4e64ca0b2) Importer(815301076,1909f56bfc062723c751e8b465ee728b)  -> (artifact id: 'ea2492c754014d40d9736e1957057429') in 0.003192 seconds 
  Import took 0.006071 seconds .

========================================================================
Received Import Request.
  Time since last request: 0.004704 seconds.
  path: Assets/Resources/Icons/movement.png
  artifactKey: Guid(b83026fd4fb9e1246882eff0072a590c) Importer(815301076,1909f56bfc062723c751e8b465ee728b)
Start importing Assets/Resources/Icons/movement.png using Guid(b83026fd4fb9e1246882eff0072a590c) Importer(815301076,1909f56bfc062723c751e8b465ee728b)  -> (artifact id: '26c4f2e3c7ff73e5ac5eeeab1580909b') in 0.009115 seconds 
  Import took 0.012126 seconds .

========================================================================
Received Import Request.
  Time since last request: 0.005404 seconds.
  path: Assets/Resources/Icons/jump.png
  artifactKey: Guid(f0cdf2fe36867844eb1e8aaa466f1d8f) Importer(815301076,1909f56bfc062723c751e8b465ee728b)
Start importing Assets/Resources/Icons/jump.png using Guid(f0cdf2fe36867844eb1e8aaa466f1d8f) Importer(815301076,1909f56bfc062723c751e8b465ee728b)  -> (artifact id: '9d60575028ea368a982c2c799dccfe27') in 0.023350 seconds 
  Import took 0.026441 seconds .

========================================================================
Received Import Request.
  Time since last request: 0.005542 seconds.
  path: Assets/Animation/FallDown.anim
  artifactKey: Guid(3e7ca274a5fd38d46bf0806f5df50ba5) Importer(815301076,1909f56bfc062723c751e8b465ee728b)
Start importing Assets/Animation/FallDown.anim using Guid(3e7ca274a5fd38d46bf0806f5df50ba5) Importer(815301076,1909f56bfc062723c751e8b465ee728b)  -> (artifact id: 'a2aec0846fad2680e370fb1aab127848') in 0.010798 seconds 
  Import took 0.014274 seconds .

========================================================================
Received Import Request.
  Time since last request: 0.004016 seconds.
  path: Assets/Animation/Avatar.controller
  artifactKey: Guid(0724856456ea1c6488c7d3c7d4410a77) Importer(815301076,1909f56bfc062723c751e8b465ee728b)
Start importing Assets/Animation/Avatar.controller using Guid(0724856456ea1c6488c7d3c7d4410a77) Importer(815301076,1909f56bfc062723c751e8b465ee728b)  -> (artifact id: 'a7349347eec2ac4b71bc9c0f38b50ccb') in 0.015296 seconds 
  Import took 0.018721 seconds .

========================================================================
Received Import Request.
  Time since last request: 0.004771 seconds.
  path: Assets/Scripts/AvatarAppearance.cs
  artifactKey: Guid(68efbd3772237f7459fc6b420df60901) Importer(815301076,1909f56bfc062723c751e8b465ee728b)
Start importing Assets/Scripts/AvatarAppearance.cs using Guid(68efbd3772237f7459fc6b420df60901) Importer(815301076,1909f56bfc062723c751e8b465ee728b)  -> (artifact id: '5881d1fa768ef903cb0151cbf47e22ce') in 0.003289 seconds 
  Import took 0.006536 seconds .

========================================================================
Received Import Request.
  Time since last request: 0.003095 seconds.
  path: Assets/Artwork
  artifactKey: Guid(ec457d06513d8774abbc4e5e1fcd52d9) Importer(815301076,1909f56bfc062723c751e8b465ee728b)
Start importing Assets/Artwork using Guid(ec457d06513d8774abbc4e5e1fcd52d9) Importer(815301076,1909f56bfc062723c751e8b465ee728b)  -> (artifact id: 'd2d3038a3cf965e3a36940509833fed7') in 0.003238 seconds 
  Import took 0.006322 seconds .

========================================================================
Received Import Request.
  Time since last request: 0.005346 seconds.
  path: Assets/Prefabs/Avatar.prefab
  artifactKey: Guid(808b89f9746b7b7498a3a88b37ef5221) Importer(815301076,1909f56bfc062723c751e8b465ee728b)
Start importing Assets/Prefabs/Avatar.prefab using Guid(808b89f9746b7b7498a3a88b37ef5221) Importer(815301076,1909f56bfc062723c751e8b465ee728b)  -> (artifact id: 'eaf79536e0a912262cb5af20c5d00b62') in 0.063889 seconds 
  Import took 0.068631 seconds .

========================================================================
Received Import Request.
  Time since last request: 0.011622 seconds.
  path: Assets/Resources/Icons/teleport.png
  artifactKey: Guid(16c31b1270e811f44b87f181efc9edcb) Importer(815301076,1909f56bfc062723c751e8b465ee728b)
Start importing Assets/Resources/Icons/teleport.png using Guid(16c31b1270e811f44b87f181efc9edcb) Importer(815301076,1909f56bfc062723c751e8b465ee728b)  -> (artifact id: 'de0a8a88f89c8f8240544b04d2c6ae13') in 0.010062 seconds 
  Import took 0.013410 seconds .

========================================================================
Received Import Request.
  Time since last request: 0.004205 seconds.
  path: Assets/Resources/Icons/boundaries.png
  artifactKey: Guid(774823e620ef6a64dab09d752fc623e2) Importer(815301076,1909f56bfc062723c751e8b465ee728b)
Start importing Assets/Resources/Icons/boundaries.png using Guid(774823e620ef6a64dab09d752fc623e2) Importer(815301076,1909f56bfc062723c751e8b465ee728b)  -> (artifact id: 'd57d716e467507227e0548c2c3c1bd4a') in 0.009819 seconds 
  Import took 0.013097 seconds .

========================================================================
Received Import Request.
  Time since last request: 0.004780 seconds.
  path: Assets/Scripts/Teleport.cs
  artifactKey: Guid(d63b882c141630c4faa97e7e3e3d9020) Importer(815301076,1909f56bfc062723c751e8b465ee728b)
Start importing Assets/Scripts/Teleport.cs using Guid(d63b882c141630c4faa97e7e3e3d9020) Importer(815301076,1909f56bfc062723c751e8b465ee728b)  -> (artifact id: '5b6ad9f46296706cd65e2979b1ed668d') in 0.003223 seconds 
  Import took 0.006365 seconds .

========================================================================
Received Import Request.
  Time since last request: 0.004398 seconds.
  path: Assets/Animation/Idle.anim
  artifactKey: Guid(07ee4f3341ea77043a981b8f5358dd5d) Importer(815301076,1909f56bfc062723c751e8b465ee728b)
Start importing Assets/Animation/Idle.anim using Guid(07ee4f3341ea77043a981b8f5358dd5d) Importer(815301076,1909f56bfc062723c751e8b465ee728b)  -> (artifact id: 'e2be12d9984904b100c231b122afebda') in 0.005019 seconds 
  Import took 0.008037 seconds .

========================================================================
Received Import Request.
  Time since last request: 0.004351 seconds.
  path: Assets/Scripts/Movement.cs
  artifactKey: Guid(c22efc2fca1c7ad4f89183c00c88dec1) Importer(815301076,1909f56bfc062723c751e8b465ee728b)
Start importing Assets/Scripts/Movement.cs using Guid(c22efc2fca1c7ad4f89183c00c88dec1) Importer(815301076,1909f56bfc062723c751e8b465ee728b)  -> (artifact id: '889b01aaaf2c28f1a31b556b6504c1b3') in 0.004259 seconds 
  Import took 0.008863 seconds .

========================================================================
Received Import Request.
  Time since last request: 0.009068 seconds.
  path: Assets/Animation/JumpUp.anim
  artifactKey: Guid(52ffbea71779e4e419f231e5102b1c78) Importer(815301076,1909f56bfc062723c751e8b465ee728b)
Start importing Assets/Animation/JumpUp.anim using Guid(52ffbea71779e4e419f231e5102b1c78) Importer(815301076,1909f56bfc062723c751e8b465ee728b)  -> (artifact id: 'fd03d680aba894caede62da585a12bf6') in 0.004560 seconds 
  Import took 0.007594 seconds .

========================================================================
Received Import Request.
  Time since last request: 0.003832 seconds.
  path: Assets/Animation
  artifactKey: Guid(9ebd6b21ec1abc747b66df3d6ff36622) Importer(815301076,1909f56bfc062723c751e8b465ee728b)
Start importing Assets/Animation using Guid(9ebd6b21ec1abc747b66df3d6ff36622) Importer(815301076,1909f56bfc062723c751e8b465ee728b)  -> (artifact id: '8a7c06ed5f2d3cd038a5e8801c2e5464') in 0.003754 seconds 
  Import took 0.006730 seconds .

========================================================================
Received Import Request.
  Time since last request: 0.004866 seconds.
  path: Assets/Animation/Crouch.anim
  artifactKey: Guid(b6b26351e31afb4448be06b552d350bd) Importer(815301076,1909f56bfc062723c751e8b465ee728b)
Start importing Assets/Animation/Crouch.anim using Guid(b6b26351e31afb4448be06b552d350bd) Importer(815301076,1909f56bfc062723c751e8b465ee728b)  -> (artifact id: '8f75d86d9c63a2527979b323b82ecbf9') in 0.004399 seconds 
  Import took 0.007714 seconds .

========================================================================
Received Import Request.
  Time since last request: 0.005041 seconds.
  path: Assets/Resources/Icons/animate.png
  artifactKey: Guid(571541323b0cc8d42a0cb6229b931987) Importer(815301076,1909f56bfc062723c751e8b465ee728b)
Start importing Assets/Resources/Icons/animate.png using Guid(571541323b0cc8d42a0cb6229b931987) Importer(815301076,1909f56bfc062723c751e8b465ee728b)  -> (artifact id: '82e215e4665ef9ddf764c73daa0e6089') in 0.014670 seconds 
  Import took 0.017845 seconds .

========================================================================
Received Import Request.
  Time since last request: 0.004695 seconds.
  path: Assets/Resources/Icons/AvatarLook.png
  artifactKey: Guid(5116b64fbb8bef94ba1ebc331cf56ecc) Importer(815301076,1909f56bfc062723c751e8b465ee728b)
Start importing Assets/Resources/Icons/AvatarLook.png using Guid(5116b64fbb8bef94ba1ebc331cf56ecc) Importer(815301076,1909f56bfc062723c751e8b465ee728b)  -> (artifact id: '9779dca1476dd8622fbaf603095cbcde') in 0.009026 seconds 
  Import took 0.012370 seconds .

========================================================================
Received Import Request.
  Time since last request: 0.005551 seconds.
  path: Assets/Resources/Icons/reset.png
  artifactKey: Guid(7aa3faa8702ed2d45b4bae5c39511876) Importer(815301076,1909f56bfc062723c751e8b465ee728b)
Start importing Assets/Resources/Icons/reset.png using Guid(7aa3faa8702ed2d45b4bae5c39511876) Importer(815301076,1909f56bfc062723c751e8b465ee728b)  -> (artifact id: 'a5c4132c1d416cbf7a2c9da4fc0987a4') in 0.008744 seconds 
  Import took 0.012063 seconds .

========================================================================
Received Import Request.
  Time since last request: 0.005462 seconds.
  path: Assets/Scripts/CollectibleAttribute.cs
  artifactKey: Guid(9d694d80e66beae498268fd59049af07) Importer(815301076,1909f56bfc062723c751e8b465ee728b)
Start importing Assets/Scripts/CollectibleAttribute.cs using Guid(9d694d80e66beae498268fd59049af07) Importer(815301076,1909f56bfc062723c751e8b465ee728b)  -> (artifact id: '426e2499e668d761ba47c830ecc53505') in 0.003144 seconds 
  Import took 0.006163 seconds .

========================================================================
Received Import Request.
  Time since last request: 0.003631 seconds.
  path: Assets/Scenes
  artifactKey: Guid(0bbc7ec81187a8d41adb9d6962546052) Importer(815301076,1909f56bfc062723c751e8b465ee728b)
Start importing Assets/Scenes using Guid(0bbc7ec81187a8d41adb9d6962546052) Importer(815301076,1909f56bfc062723c751e8b465ee728b)  -> (artifact id: 'b3f06087205bd534c9bb1605f7a59a0a') in 0.003850 seconds 
  Import took 0.007362 seconds .

========================================================================
Received Import Request.
  Time since last request: 0.003771 seconds.
  path: Assets/Scripts/FallingLeaves.cs
  artifactKey: Guid(344e34275d5c7104e8c6ea93ea32a77b) Importer(815301076,1909f56bfc062723c751e8b465ee728b)
Start importing Assets/Scripts/FallingLeaves.cs using Guid(344e34275d5c7104e8c6ea93ea32a77b) Importer(815301076,1909f56bfc062723c751e8b465ee728b)  -> (artifact id: 'fa47a2c7be8e2dbb51b969cb839c47e7') in 0.003275 seconds 
  Import took 0.006263 seconds .

========================================================================
Received Import Request.
  Time since last request: 0.004766 seconds.
  path: Assets/Scripts/Score.cs
  artifactKey: Guid(d37e7986f3534ea4faf8ce8efd741ab1) Importer(815301076,1909f56bfc062723c751e8b465ee728b)
Start importing Assets/Scripts/Score.cs using Guid(d37e7986f3534ea4faf8ce8efd741ab1) Importer(815301076,1909f56bfc062723c751e8b465ee728b)  -> (artifact id: '3c9966829cc57d3d8207842c2e01952b') in 0.003151 seconds 
  Import took 0.006124 seconds .

========================================================================
Received Import Request.
  Time since last request: 0.004157 seconds.
  path: Assets/Resources/Icons/score.png
  artifactKey: Guid(bedad306b2c9c7c45b3dede9288ba435) Importer(815301076,1909f56bfc062723c751e8b465ee728b)
Start importing Assets/Resources/Icons/score.png using Guid(bedad306b2c9c7c45b3dede9288ba435) Importer(815301076,1909f56bfc062723c751e8b465ee728b)  -> (artifact id: '37d71336415fac8debd5e14d3ea3472a') in 0.010326 seconds 
  Import took 0.014001 seconds .

========================================================================
Received Import Request.
  Time since last request: 0.004903 seconds.
  path: Assets/Resources/Icons/collectables.png
  artifactKey: Guid(29f4a7575f7dbda4bbd9ca2de8852c66) Importer(815301076,1909f56bfc062723c751e8b465ee728b)
Start importing Assets/Resources/Icons/collectables.png using Guid(29f4a7575f7dbda4bbd9ca2de8852c66) Importer(815301076,1909f56bfc062723c751e8b465ee728b)  -> (artifact id: '2273428a45c6146456ec28556a7c6f36') in 0.009563 seconds 
  Import took 0.012689 seconds .

========================================================================
Received Import Request.
  Time since last request: 0.003816 seconds.
  path: Assets/Resources
  artifactKey: Guid(38383f35f600704418bb134dd5bf684d) Importer(815301076,1909f56bfc062723c751e8b465ee728b)
Start importing Assets/Resources using Guid(38383f35f600704418bb134dd5bf684d) Importer(815301076,1909f56bfc062723c751e8b465ee728b)  -> (artifact id: 'f5d9ffa3afc345483acecc435a6224e5') in 0.003231 seconds 
  Import took 0.006385 seconds .

========================================================================
Received Import Request.
  Time since last request: 0.003479 seconds.
  path: Assets/Prefabs
  artifactKey: Guid(8b596f4242f81084e88667858e506a29) Importer(815301076,1909f56bfc062723c751e8b465ee728b)
Start importing Assets/Prefabs using Guid(8b596f4242f81084e88667858e506a29) Importer(815301076,1909f56bfc062723c751e8b465ee728b)  -> (artifact id: 'bb6bd3110b2629ee05f33da27412ecef') in 0.003175 seconds 
  Import took 0.006110 seconds .

========================================================================
Received Import Request.
  Time since last request: 0.003587 seconds.
  path: Assets/Resources/Icons
  artifactKey: Guid(60c107ecb670d4e40a395cd70c34b2f1) Importer(815301076,1909f56bfc062723c751e8b465ee728b)
Start importing Assets/Resources/Icons using Guid(60c107ecb670d4e40a395cd70c34b2f1) Importer(815301076,1909f56bfc062723c751e8b465ee728b)  -> (artifact id: '0c2a02b6f768376448a84596b27a2169') in 0.003107 seconds 
  Import took 0.006084 seconds .

========================================================================
Received Import Request.
  Time since last request: 0.003974 seconds.
  path: Assets/Animation/Run.anim
  artifactKey: Guid(58a03fc85edc4e24984f7fb39a2ad878) Importer(815301076,1909f56bfc062723c751e8b465ee728b)
Start importing Assets/Animation/Run.anim using Guid(58a03fc85edc4e24984f7fb39a2ad878) Importer(815301076,1909f56bfc062723c751e8b465ee728b)  -> (artifact id: '0415fae3abf1a12626c05b3ebbbe593c') in 0.007375 seconds 
  Import took 0.010955 seconds .

========================================================================
Received Import Request.
  Time since last request: 0.004155 seconds.
  path: Assets/Resources/Icons/DestroyOverTime.png
  artifactKey: Guid(151215a4c5ecdf840a1fbee697c505b6) Importer(815301076,1909f56bfc062723c751e8b465ee728b)
Start importing Assets/Resources/Icons/DestroyOverTime.png using Guid(151215a4c5ecdf840a1fbee697c505b6) Importer(815301076,1909f56bfc062723c751e8b465ee728b)  -> (artifact id: 'f188c207e228a54128e82bb02f42d478') in 0.010151 seconds 
  Import took 0.013243 seconds .

========================================================================
Received Import Request.
  Time since last request: 0.005774 seconds.
  path: Assets/Scripts/Boundaries.cs
  artifactKey: Guid(788cfcae67b43b24ea5792d09e19b2e1) Importer(815301076,1909f56bfc062723c751e8b465ee728b)
Start importing Assets/Scripts/Boundaries.cs using Guid(788cfcae67b43b24ea5792d09e19b2e1) Importer(815301076,1909f56bfc062723c751e8b465ee728b)  -> (artifact id: 'b41ef836162e8b554d71ec373556f884') in 0.003668 seconds 
  Import took 0.006916 seconds .

========================================================================
Received Import Request.
  Time since last request: 0.003830 seconds.
  path: Assets/Scripts
  artifactKey: Guid(1cbb9e956765ec64f8060b69c82184e8) Importer(815301076,1909f56bfc062723c751e8b465ee728b)
Start importing Assets/Scripts using Guid(1cbb9e956765ec64f8060b69c82184e8) Importer(815301076,1909f56bfc062723c751e8b465ee728b)  -> (artifact id: 'ee163037542c3cc5a1408319ae9ffee8') in 0.003722 seconds 
  Import took 0.007125 seconds .

========================================================================
Received Import Request.
  Time since last request: 0.004037 seconds.
  path: Assets/Scripts/DestroyAfterTime.cs
  artifactKey: Guid(23d74e7dfb8f3d64387e8062319d6a1b) Importer(815301076,1909f56bfc062723c751e8b465ee728b)
Start importing Assets/Scripts/DestroyAfterTime.cs using Guid(23d74e7dfb8f3d64387e8062319d6a1b) Importer(815301076,1909f56bfc062723c751e8b465ee728b)  -> (artifact id: '49ab97370bd52f992aae84a68ebd59c2') in 0.003305 seconds 
  Import took 0.006303 seconds .

========================================================================
Received Import Request.
  Time since last request: 302.480107 seconds.
  path: Assets/Prefabs/gem.prefab
  artifactKey: Guid(050efd230c4094246b4f2c6039b362e7) Importer(815301076,1909f56bfc062723c751e8b465ee728b)
Start importing Assets/Prefabs/gem.prefab using Guid(050efd230c4094246b4f2c6039b362e7) Importer(815301076,1909f56bfc062723c751e8b465ee728b)  -> (artifact id: 'f9b81903893925f1cbccb0c8087ba98f') in 0.127073 seconds 
  Import took 0.131577 seconds .

========================================================================
Received Prepare
Registering precompiled user dll's ...
Registered in 0.005552 seconds.
Begin MonoManager ReloadAssembly
Native extension for WindowsStandalone target not found
Refreshing native plugins compatible for Editor in 0.63 ms, found 2 plugins.
Preloading 0 native plugins for Editor in 0.00 ms.
Mono: successfully reloaded assembly
- Completed reload, in  1.745 seconds
Domain Reload Profiling:
	ReloadAssembly (1745ms)
		BeginReloadAssembly (189ms)
			ExecutionOrderSort (0ms)
			DisableScriptedObjects (6ms)
			BackupInstance (0ms)
			ReleaseScriptingObjects (0ms)
			CreateAndSetChildDomain (54ms)
		EndReloadAssembly (1446ms)
			LoadAssemblies (155ms)
			RebuildTransferFunctionScriptingTraits (0ms)
			SetupTypeCache (463ms)
			ReleaseScriptCaches (1ms)
			RebuildScriptCaches (83ms)
			SetupLoadedEditorAssemblies (533ms)
				LogAssemblyErrors (0ms)
				InitializePlatformSupportModulesInManaged (12ms)
				SetLoadedEditorAssemblies (1ms)
				RefreshPlugins (1ms)
				BeforeProcessingInitializeOnLoad (105ms)
				ProcessInitializeOnLoadAttributes (393ms)
				ProcessInitializeOnLoadMethodAttributes (6ms)
				AfterProcessingInitializeOnLoad (15ms)
				EditorAssembliesLoaded (0ms)
			ExecutionOrderSort2 (0ms)
			AwakeInstancesAfterBackupRestoration (13ms)
Platform modules already initialized, skipping
Refreshing native plugins compatible for Editor in 0.51 ms, found 2 plugins.
Preloading 0 native plugins for Editor in 0.00 ms.
Unloading 1582 Unused Serialized files (Serialized files now loaded: 0)
System memory in use before: 75.3 MB.
System memory in use after: 75.4 MB.

Unloading 14 unused Assets to reduce memory usage. Loaded Objects now: 2315.
Total: 4.675700 ms (FindLiveObjects: 0.353200 ms CreateObjectMapping: 0.140500 ms MarkObjects: 4.123900 ms  DeleteObjects: 0.055400 ms)

AssetImportParameters requested are different than current active one (requested -> active):
  custom:framework-win-MediaFoundation: 216162199b28c13a410421893ffa2e32 -> 
  custom:video-decoder-ogg-theora: a1e56fd34408186e4bbccfd4996cb3dc -> 
  custom:container-muxer-webm: aa71ff27fc2769a1b78a27578f13a17b -> 
  custom:container-demuxer-webm: 4f35f7cbe854078d1ac9338744f61a02 -> 
  custom:container-demuxer-ogg: 62fdf1f143b41e24485cea50d1cbac27 -> 
  custom:video-encoder-webm-vp8: eb34c28f22e8b96e1ab97ce403110664 -> 
  custom:video-decoder-webm-vp8: 9c59270c3fd7afecdb556c50c9e8de78 -> 
  custom:audio-decoder-ogg-vorbis: bf7c407c2cedff20999df2af8eb42d56 -> 
  custom:audio-encoder-webm-vorbis: bf7c407c2cedff20999df2af8eb42d56 -> 
========================================================================
Received Prepare
Registering precompiled user dll's ...
Registered in 0.009362 seconds.
Begin MonoManager ReloadAssembly
Native extension for WindowsStandalone target not found
Refreshing native plugins compatible for Editor in 0.79 ms, found 2 plugins.
Preloading 0 native plugins for Editor in 0.00 ms.
Mono: successfully reloaded assembly
- Completed reload, in  1.544 seconds
Domain Reload Profiling:
	ReloadAssembly (1544ms)
		BeginReloadAssembly (160ms)
			ExecutionOrderSort (0ms)
			DisableScriptedObjects (8ms)
			BackupInstance (0ms)
			ReleaseScriptingObjects (0ms)
			CreateAndSetChildDomain (45ms)
		EndReloadAssembly (1275ms)
			LoadAssemblies (163ms)
			RebuildTransferFunctionScriptingTraits (0ms)
			SetupTypeCache (445ms)
			ReleaseScriptCaches (1ms)
			RebuildScriptCaches (57ms)
			SetupLoadedEditorAssemblies (485ms)
				LogAssemblyErrors (0ms)
				InitializePlatformSupportModulesInManaged (11ms)
				SetLoadedEditorAssemblies (1ms)
				RefreshPlugins (1ms)
				BeforeProcessingInitializeOnLoad (81ms)
				ProcessInitializeOnLoadAttributes (367ms)
				ProcessInitializeOnLoadMethodAttributes (9ms)
				AfterProcessingInitializeOnLoad (15ms)
				EditorAssembliesLoaded (0ms)
			ExecutionOrderSort2 (0ms)
			AwakeInstancesAfterBackupRestoration (11ms)
Platform modules already initialized, skipping
Refreshing native plugins compatible for Editor in 0.49 ms, found 2 plugins.
Preloading 0 native plugins for Editor in 0.00 ms.
Unloading 1582 Unused Serialized files (Serialized files now loaded: 0)
System memory in use before: 75.3 MB.
System memory in use after: 75.4 MB.

Unloading 12 unused Assets to reduce memory usage. Loaded Objects now: 2317.
Total: 5.735100 ms (FindLiveObjects: 0.346400 ms CreateObjectMapping: 0.075700 ms MarkObjects: 5.288700 ms  DeleteObjects: 0.021700 ms)

AssetImportParameters requested are different than current active one (requested -> active):
  custom:framework-win-MediaFoundation: 216162199b28c13a410421893ffa2e32 -> 
  custom:video-decoder-ogg-theora: a1e56fd34408186e4bbccfd4996cb3dc -> 
  custom:container-muxer-webm: aa71ff27fc2769a1b78a27578f13a17b -> 
  custom:container-demuxer-webm: 4f35f7cbe854078d1ac9338744f61a02 -> 
  custom:container-demuxer-ogg: 62fdf1f143b41e24485cea50d1cbac27 -> 
  custom:video-encoder-webm-vp8: eb34c28f22e8b96e1ab97ce403110664 -> 
  custom:video-decoder-webm-vp8: 9c59270c3fd7afecdb556c50c9e8de78 -> 
  custom:audio-decoder-ogg-vorbis: bf7c407c2cedff20999df2af8eb42d56 -> 
  custom:audio-encoder-webm-vorbis: bf7c407c2cedff20999df2af8eb42d56 -> 
========================================================================
Received Prepare
Registering precompiled user dll's ...
Registered in 0.008151 seconds.
Begin MonoManager ReloadAssembly
Native extension for WindowsStandalone target not found
Refreshing native plugins compatible for Editor in 0.92 ms, found 2 plugins.
Preloading 0 native plugins for Editor in 0.00 ms.
Mono: successfully reloaded assembly
- Completed reload, in  1.667 seconds
Domain Reload Profiling:
	ReloadAssembly (1668ms)
		BeginReloadAssembly (185ms)
			ExecutionOrderSort (0ms)
			DisableScriptedObjects (6ms)
			BackupInstance (0ms)
			ReleaseScriptingObjects (0ms)
			CreateAndSetChildDomain (55ms)
		EndReloadAssembly (1353ms)
			LoadAssemblies (157ms)
			RebuildTransferFunctionScriptingTraits (0ms)
			SetupTypeCache (468ms)
			ReleaseScriptCaches (1ms)
			RebuildScriptCaches (64ms)
			SetupLoadedEditorAssemblies (518ms)
				LogAssemblyErrors (0ms)
				InitializePlatformSupportModulesInManaged (7ms)
				SetLoadedEditorAssemblies (1ms)
				RefreshPlugins (1ms)
				BeforeProcessingInitializeOnLoad (93ms)
				ProcessInitializeOnLoadAttributes (399ms)
				ProcessInitializeOnLoadMethodAttributes (5ms)
				AfterProcessingInitializeOnLoad (12ms)
				EditorAssembliesLoaded (0ms)
			ExecutionOrderSort2 (0ms)
			AwakeInstancesAfterBackupRestoration (12ms)
Platform modules already initialized, skipping
Refreshing native plugins compatible for Editor in 0.41 ms, found 2 plugins.
Preloading 0 native plugins for Editor in 0.00 ms.
Unloading 1582 Unused Serialized files (Serialized files now loaded: 0)
System memory in use before: 75.3 MB.
System memory in use after: 75.4 MB.

Unloading 12 unused Assets to reduce memory usage. Loaded Objects now: 2319.
Total: 5.013100 ms (FindLiveObjects: 0.234300 ms CreateObjectMapping: 0.047500 ms MarkObjects: 4.706200 ms  DeleteObjects: 0.023300 ms)

AssetImportParameters requested are different than current active one (requested -> active):
  custom:framework-win-MediaFoundation: 216162199b28c13a410421893ffa2e32 -> 
  custom:video-decoder-ogg-theora: a1e56fd34408186e4bbccfd4996cb3dc -> 
  custom:container-muxer-webm: aa71ff27fc2769a1b78a27578f13a17b -> 
  custom:container-demuxer-webm: 4f35f7cbe854078d1ac9338744f61a02 -> 
  custom:container-demuxer-ogg: 62fdf1f143b41e24485cea50d1cbac27 -> 
  custom:video-encoder-webm-vp8: eb34c28f22e8b96e1ab97ce403110664 -> 
  custom:video-decoder-webm-vp8: 9c59270c3fd7afecdb556c50c9e8de78 -> 
  custom:audio-decoder-ogg-vorbis: bf7c407c2cedff20999df2af8eb42d56 -> 
  custom:audio-encoder-webm-vorbis: bf7c407c2cedff20999df2af8eb42d56 -> 
========================================================================
Received Prepare
Registering precompiled user dll's ...
Registered in 0.010134 seconds.
Begin MonoManager ReloadAssembly
Native extension for WindowsStandalone target not found
Refreshing native plugins compatible for Editor in 0.41 ms, found 2 plugins.
Preloading 0 native plugins for Editor in 0.00 ms.
Mono: successfully reloaded assembly
- Completed reload, in  2.206 seconds
Domain Reload Profiling:
	ReloadAssembly (2207ms)
		BeginReloadAssembly (313ms)
			ExecutionOrderSort (0ms)
			DisableScriptedObjects (15ms)
			BackupInstance (0ms)
			ReleaseScriptingObjects (0ms)
			CreateAndSetChildDomain (73ms)
		EndReloadAssembly (1689ms)
			LoadAssemblies (339ms)
			RebuildTransferFunctionScriptingTraits (0ms)
			SetupTypeCache (718ms)
			ReleaseScriptCaches (4ms)
			RebuildScriptCaches (87ms)
			SetupLoadedEditorAssemblies (465ms)
				LogAssemblyErrors (0ms)
				InitializePlatformSupportModulesInManaged (6ms)
				SetLoadedEditorAssemblies (1ms)
				RefreshPlugins (1ms)
				BeforeProcessingInitializeOnLoad (83ms)
				ProcessInitializeOnLoadAttributes (353ms)
				ProcessInitializeOnLoadMethodAttributes (10ms)
				AfterProcessingInitializeOnLoad (12ms)
				EditorAssembliesLoaded (0ms)
			ExecutionOrderSort2 (0ms)
			AwakeInstancesAfterBackupRestoration (9ms)
Platform modules already initialized, skipping
Refreshing native plugins compatible for Editor in 0.48 ms, found 2 plugins.
Preloading 0 native plugins for Editor in 0.00 ms.
Unloading 1582 Unused Serialized files (Serialized files now loaded: 0)
System memory in use before: 75.3 MB.
System memory in use after: 75.4 MB.

Unloading 12 unused Assets to reduce memory usage. Loaded Objects now: 2321.
Total: 4.876100 ms (FindLiveObjects: 0.323000 ms CreateObjectMapping: 0.081700 ms MarkObjects: 4.444800 ms  DeleteObjects: 0.024400 ms)

AssetImportParameters requested are different than current active one (requested -> active):
  custom:framework-win-MediaFoundation: 216162199b28c13a410421893ffa2e32 -> 
  custom:video-decoder-ogg-theora: a1e56fd34408186e4bbccfd4996cb3dc -> 
  custom:container-muxer-webm: aa71ff27fc2769a1b78a27578f13a17b -> 
  custom:container-demuxer-webm: 4f35f7cbe854078d1ac9338744f61a02 -> 
  custom:container-demuxer-ogg: 62fdf1f143b41e24485cea50d1cbac27 -> 
  custom:video-encoder-webm-vp8: eb34c28f22e8b96e1ab97ce403110664 -> 
  custom:video-decoder-webm-vp8: 9c59270c3fd7afecdb556c50c9e8de78 -> 
  custom:audio-decoder-ogg-vorbis: bf7c407c2cedff20999df2af8eb42d56 -> 
  custom:audio-encoder-webm-vorbis: bf7c407c2cedff20999df2af8eb42d56 -> 
========================================================================
Received Prepare
Registering precompiled user dll's ...
Registered in 0.004544 seconds.
Begin MonoManager ReloadAssembly
Native extension for WindowsStandalone target not found
Refreshing native plugins compatible for Editor in 0.41 ms, found 2 plugins.
Preloading 0 native plugins for Editor in 0.00 ms.
Mono: successfully reloaded assembly
- Completed reload, in  1.480 seconds
Domain Reload Profiling:
	ReloadAssembly (1481ms)
		BeginReloadAssembly (170ms)
			ExecutionOrderSort (0ms)
			DisableScriptedObjects (7ms)
			BackupInstance (0ms)
			ReleaseScriptingObjects (0ms)
			CreateAndSetChildDomain (45ms)
		EndReloadAssembly (1209ms)
			LoadAssemblies (141ms)
			RebuildTransferFunctionScriptingTraits (0ms)
			SetupTypeCache (366ms)
			ReleaseScriptCaches (1ms)
			RebuildScriptCaches (60ms)
			SetupLoadedEditorAssemblies (485ms)
				LogAssemblyErrors (0ms)
				InitializePlatformSupportModulesInManaged (8ms)
				SetLoadedEditorAssemblies (1ms)
				RefreshPlugins (1ms)
				BeforeProcessingInitializeOnLoad (100ms)
				ProcessInitializeOnLoadAttributes (352ms)
				ProcessInitializeOnLoadMethodAttributes (9ms)
				AfterProcessingInitializeOnLoad (15ms)
				EditorAssembliesLoaded (0ms)
			ExecutionOrderSort2 (0ms)
			AwakeInstancesAfterBackupRestoration (9ms)
Platform modules already initialized, skipping
Refreshing native plugins compatible for Editor in 0.44 ms, found 2 plugins.
Preloading 0 native plugins for Editor in 0.00 ms.
Unloading 1582 Unused Serialized files (Serialized files now loaded: 0)
System memory in use before: 75.3 MB.
System memory in use after: 75.4 MB.

Unloading 12 unused Assets to reduce memory usage. Loaded Objects now: 2323.
Total: 3.501800 ms (FindLiveObjects: 0.232900 ms CreateObjectMapping: 0.045200 ms MarkObjects: 3.197200 ms  DeleteObjects: 0.024400 ms)

AssetImportParameters requested are different than current active one (requested -> active):
  custom:framework-win-MediaFoundation: 216162199b28c13a410421893ffa2e32 -> 
  custom:video-decoder-ogg-theora: a1e56fd34408186e4bbccfd4996cb3dc -> 
  custom:container-muxer-webm: aa71ff27fc2769a1b78a27578f13a17b -> 
  custom:container-demuxer-webm: 4f35f7cbe854078d1ac9338744f61a02 -> 
  custom:container-demuxer-ogg: 62fdf1f143b41e24485cea50d1cbac27 -> 
  custom:video-encoder-webm-vp8: eb34c28f22e8b96e1ab97ce403110664 -> 
  custom:video-decoder-webm-vp8: 9c59270c3fd7afecdb556c50c9e8de78 -> 
  custom:audio-decoder-ogg-vorbis: bf7c407c2cedff20999df2af8eb42d56 -> 
  custom:audio-encoder-webm-vorbis: bf7c407c2cedff20999df2af8eb42d56 -> 
AssetImportWorkerClient::OnTransportError - code=2 error=End of file
